{
  "RSpec": {
    "coverage": {
      "/Users/marcell/Documents/github/commander/lib/commander.rb": [
        null,
        null,
        null,
        null,
        null,
        null,
        null,
        null,
        null,
        null,
        null,
        null,
        null,
        null,
        null,
        null,
        null,
        null,
        null,
        null,
        null,
        null,
        null,
        1,
        1,
        1,
        1,
        1,
        1,
        1,
        1,
        1,
        1,
        1,
        1
      ],
      "/Users/marcell/Documents/github/commander/lib/commander/version.rb": [
        1,
        1,
        null
      ],
      "/Users/marcell/Documents/github/commander/lib/commander/blank.rb": [
        1,
        1,
        1,
        64,
        null,
        null,
        null
      ],
      "/Users/marcell/Documents/github/commander/lib/commander/user_interaction.rb": [
        1,
        1,
        null,
        1,
        null,
        null,
        null,
        null,
        null,
        null,
        null,
        1,
        1,
        null,
        null,
        null,
        null,
        null,
        1,
        1,
        null,
        null,
        null,
        0,
        null,
        null,
        null,
        null,
        null,
        null,
        null,
        1,
        0,
        0,
        0,
        null,
        null,
        null,
        null,
        null,
        1,
        0,
        0,
        null,
        null,
        null,
        null,
        null,
        null,
        null,
        null,
        null,
        null,
        null,
        1,
        0,
        null,
        null,
        null,
        null,
        null,
        null,
        null,
        null,
        null,
        null,
        1,
        0,
        0,
        null,
        null,
        null,
        null,
        null,
        null,
        null,
        null,
        null,
        null,
        null,
        1,
        0,
        0,
        null,
        null,
        null,
        null,
        null,
        null,
        null,
        null,
        null,
        null,
        null,
        1,
        0,
        0,
        null,
        null,
        null,
        null,
        null,
        null,
        null,
        null,
        null,
        null,
        null,
        null,
        null,
        null,
        null,
        null,
        null,
        1,
        0,
        null,
        null,
        null,
        null,
        null,
        null,
        null,
        null,
        null,
        null,
        null,
        null,
        null,
        null,
        null,
        null,
        null,
        null,
        null,
        null,
        1,
        0,
        null,
        null,
        null,
        null,
        null,
        null,
        null,
        null,
        null,
        null,
        null,
        null,
        null,
        null,
        null,
        null,
        null,
        null,
        null,
        null,
        null,
        null,
        null,
        null,
        null,
        null,
        null,
        1,
        0,
        0,
        null,
        null,
        0,
        null,
        null,
        null,
        0,
        null,
        null,
        null,
        null,
        null,
        null,
        null,
        null,
        null,
        0,
        null,
        null,
        null,
        null,
        null,
        1,
        0,
        null,
        null,
        null,
        null,
        null,
        null,
        null,
        null,
        null,
        null,
        null,
        null,
        null,
        null,
        null,
        null,
        null,
        null,
        null,
        null,
        null,
        null,
        null,
        null,
        null,
        null,
        null,
        1,
        0,
        0,
        0,
        0,
        0,
        null,
        null,
        null,
        null,
        null,
        1,
        0,
        null,
        null,
        null,
        null,
        null,
        null,
        1,
        null,
        null,
        2,
        null,
        null,
        null,
        null,
        null,
        null,
        null,
        null,
        null,
        null,
        null,
        null,
        null,
        null,
        null,
        1,
        0,
        0,
        0,
        0,
        0,
        0,
        0,
        null,
        0,
        null,
        null,
        null,
        null,
        null,
        null,
        1,
        0,
        0,
        0,
        null,
        null,
        null,
        null,
        null,
        null,
        null,
        0,
        0,
        0,
        0,
        0,
        0,
        0,
        0,
        null,
        null,
        0,
        0,
        0,
        0,
        null,
        null,
        null,
        0,
        0,
        null,
        null,
        null,
        null,
        null,
        null,
        null,
        null,
        null,
        null,
        null,
        null,
        null,
        1,
        1,
        1,
        1,
        null,
        null,
        null,
        null,
        null,
        1,
        null,
        null,
        null,
        null,
        null,
        null,
        144,
        null,
        144,
        1,
        1,
        12,
        0,
        null,
        null,
        null,
        null,
        null,
        null,
        null,
        1,
        2,
        10,
        null,
        null,
        null,
        null,
        null,
        null,
        null,
        null,
        null,
        null,
        null,
        null,
        null,
        null,
        null,
        null,
        null,
        null,
        null,
        null,
        null,
        null,
        null,
        null,
        null,
        null,
        null,
        null,
        null,
        null,
        null,
        null,
        null,
        null,
        null,
        null,
        null,
        null,
        null,
        1,
        null,
        null,
        null,
        null,
        null,
        null,
        null,
        null,
        null,
        null,
        null,
        null,
        null,
        null,
        null,
        null,
        null,
        null,
        null,
        null,
        null,
        null,
        null,
        null,
        null,
        1,
        1,
        1,
        1,
        1,
        1,
        1,
        1,
        1,
        null,
        null,
        null,
        null,
        null,
        1,
        2,
        2,
        null,
        0,
        null,
        null,
        null,
        null,
        null,
        null,
        1,
        1,
        null,
        null,
        null,
        null,
        null,
        1,
        0,
        null,
        null,
        null,
        null,
        null,
        1,
        1,
        null,
        null,
        null,
        null,
        null,
        1,
        1,
        null,
        null,
        null,
        null,
        null,
        1,
        null,
        null,
        null,
        null,
        null,
        null,
        null,
        null,
        null,
        1,
        null,
        null,
        null,
        null,
        null,
        1,
        1,
        1,
        1,
        1,
        null,
        0,
        null,
        null,
        null,
        null,
        null,
        null,
        1,
        1,
        null,
        null,
        null,
        null,
        null,
        1,
        1,
        null,
        null,
        null,
        null,
        null,
        null,
        1,
        0,
        0,
        0,
        null,
        null,
        null,
        null,
        null,
        1,
        null,
        1,
        null,
        null,
        null,
        null
      ],
      "/Users/marcell/Documents/github/commander/lib/commander/core_ext.rb": [
        1,
        1
      ],
      "/Users/marcell/Documents/github/commander/lib/commander/core_ext/array.rb": [
        1,
        null,
        null,
        null,
        null,
        null,
        null,
        null,
        null,
        null,
        null,
        null,
        null,
        null,
        null,
        null,
        null,
        null,
        1,
        null,
        null,
        10,
        null,
        null
      ],
      "/Users/marcell/Documents/github/commander/lib/commander/core_ext/object.rb": [
        1,
        null,
        null,
        null,
        1,
        1,
        null,
        null
      ],
      "/Users/marcell/Documents/github/commander/lib/commander/runner.rb": [
        1,
        null,
        1,
        1,
        null,
        null,
        null,
        null,
        1,
        1,
        null,
        null,
        null,
        null,
        1,
        null,
        null,
        null,
        null,
        1,
        null,
        null,
        null,
        null,
        1,
        null,
        null,
        null,
        null,
        null,
        1,
        65,
        65,
        65,
        65,
        65,
        65,
        null,
        null,
        null,
        null,
        null,
        1,
        692,
        null,
        null,
        null,
        null,
        null,
        1,
        52,
        52,
        51,
        51,
        51,
        4,
        4,
        2,
        null,
        51,
        1,
        1,
        null,
        55,
        51,
        47,
        47,
        6,
        null,
        41,
        41,
        7,
        1,
        null,
        null,
        null,
        null,
        3,
        null,
        2,
        1,
        null,
        1,
        null,
        null,
        null,
        null,
        null,
        null,
        null,
        null,
        1,
        1,
        null,
        null,
        null,
        null,
        null,
        1,
        2,
        2,
        null,
        null,
        null,
        null,
        null,
        1,
        3,
        3,
        null,
        null,
        null,
        null,
        null,
        null,
        null,
        null,
        null,
        null,
        null,
        null,
        null,
        null,
        null,
        null,
        null,
        null,
        null,
        null,
        null,
        null,
        null,
        null,
        null,
        null,
        null,
        null,
        null,
        null,
        1,
        553,
        1,
        1,
        552,
        15,
        537,
        0,
        null,
        537,
        196,
        null,
        537,
        null,
        null,
        null,
        null,
        null,
        null,
        null,
        null,
        null,
        null,
        null,
        null,
        null,
        null,
        null,
        null,
        null,
        1,
        493,
        493,
        null,
        null,
        null,
        null,
        null,
        null,
        1,
        163,
        null,
        null,
        null,
        null,
        null,
        163,
        null,
        null,
        null,
        null,
        null,
        null,
        1,
        3,
        3,
        null,
        null,
        null,
        null,
        null,
        null,
        1,
        4,
        null,
        null,
        null,
        null,
        null,
        1,
        260,
        null,
        null,
        null,
        null,
        null,
        1,
        58,
        null,
        null,
        null,
        null,
        null,
        1,
        0,
        null,
        null,
        null,
        null,
        null,
        null,
        null,
        1,
        142,
        null,
        null,
        null,
        null,
        null,
        null,
        1,
        160,
        null,
        null,
        null,
        null,
        null,
        1,
        229,
        237,
        null,
        null,
        null,
        null,
        null,
        1,
        14,
        null,
        null,
        null,
        null,
        null,
        1,
        49,
        49,
        49,
        121,
        null,
        null,
        null,
        null,
        null,
        null,
        1,
        null,
        null,
        65,
        null,
        null,
        null,
        null,
        null,
        1,
        null,
        null,
        null,
        65,
        null,
        null,
        null,
        null,
        null,
        null,
        1,
        65,
        65,
        65,
        65,
        65,
        65,
        16,
        16,
        5,
        null,
        11,
        11,
        11,
        null,
        2,
        null,
        9,
        null,
        null,
        null,
        null,
        null,
        null,
        null,
        null,
        1,
        58,
        null,
        null,
        null,
        null,
        null,
        null,
        null,
        1,
        null,
        52,
        163,
        163,
        null,
        474,
        26,
        null,
        null,
        163,
        null,
        163,
        163,
        1247,
        30,
        30,
        null,
        10,
        null,
        388,
        388,
        null,
        null,
        null,
        null,
        null,
        null,
        null,
        null,
        1,
        163,
        311,
        4,
        4,
        null,
        307,
        null,
        null,
        null,
        null,
        null,
        null,
        null,
        1,
        52,
        163,
        null,
        null,
        52,
        52,
        70,
        19,
        null,
        52,
        18,
        null,
        null,
        null,
        null,
        null,
        null,
        null,
        null,
        null,
        1,
        163,
        23,
        20,
        null,
        23,
        null,
        null,
        null,
        null,
        null,
        null,
        1,
        52,
        103,
        null,
        null,
        null,
        null,
        null,
        null,
        1,
        1291,
        341,
        341,
        null,
        null,
        null,
        null,
        null,
        null,
        null,
        null,
        null,
        null,
        null,
        null,
        null,
        null,
        1,
        46,
        null,
        null,
        null,
        null,
        null,
        1,
        47,
        46,
        2,
        null,
        44,
        null,
        null,
        null,
        1,
        15,
        null,
        null,
        null
      ],
      "/Users/marcell/Documents/github/commander/lib/commander/command.rb": [
        1,
        null,
        1,
        1,
        1,
        1,
        null,
        null,
        null,
        null,
        1,
        1,
        null,
        1,
        61,
        null,
        null,
        1,
        0,
        null,
        null,
        1,
        63,
        null,
        null,
        1,
        1,
        null,
        null,
        1,
        0,
        null,
        null,
        null,
        null,
        null,
        null,
        1,
        260,
        260,
        null,
        null,
        null,
        null,
        null,
        null,
        null,
        null,
        null,
        null,
        null,
        null,
        null,
        null,
        null,
        1,
        444,
        null,
        null,
        null,
        null,
        null,
        null,
        null,
        null,
        null,
        null,
        null,
        null,
        null,
        null,
        null,
        null,
        null,
        null,
        null,
        null,
        null,
        null,
        null,
        null,
        null,
        null,
        null,
        null,
        null,
        null,
        null,
        null,
        null,
        null,
        null,
        null,
        null,
        null,
        null,
        null,
        null,
        null,
        null,
        null,
        null,
        null,
        null,
        null,
        null,
        1,
        177,
        177,
        null,
        null,
        null,
        null,
        null,
        177,
        null,
        null,
        null,
        null,
        null,
        null,
        null,
        null,
        null,
        null,
        null,
        null,
        null,
        null,
        null,
        null,
        null,
        null,
        null,
        null,
        null,
        null,
        null,
        1,
        254,
        253,
        null,
        1,
        null,
        null,
        null,
        null,
        null,
        null,
        null,
        null,
        1,
        65,
        null,
        null,
        null,
        null,
        null,
        null,
        null,
        null,
        1,
        65,
        47,
        49,
        49,
        null,
        null,
        null,
        null,
        null,
        null,
        1,
        59,
        59,
        59,
        59,
        53,
        0,
        6,
        null,
        null,
        null,
        null,
        null,
        null,
        null,
        1,
        59,
        null,
        35,
        35,
        35,
        null,
        null,
        null,
        null,
        null,
        null,
        null,
        null,
        1,
        188,
        null,
        null,
        1,
        0,
        null,
        null,
        null
      ],
      "/Users/marcell/Documents/github/commander/lib/commander/help_formatters.rb": [
        1,
        1,
        1,
        1,
        1,
        null,
        1,
        1,
        12,
        null,
        null,
        1,
        24,
        12,
        null,
        null,
        null,
        null,
        1,
        null,
        null,
        null,
        1,
        1,
        4,
        4,
        null,
        null,
        1,
        4,
        null,
        null,
        1,
        4,
        null,
        null,
        1,
        8,
        8,
        null,
        null,
        null,
        1,
        null,
        1,
        6,
        null,
        null,
        null
      ],
      "/Users/marcell/Documents/github/commander/lib/commander/platform.rb": [
        1,
        1,
        1,
        0,
        null,
        null,
        null
      ],
      "/Users/marcell/Documents/github/commander/lib/commander/delegates.rb": [
        1,
        1,
        null,
        null,
        null,
        null,
        null,
        null,
        null,
        null,
        null,
        null,
        1,
        9,
        null,
        null,
        null,
        null,
        null,
        null,
        1,
        0,
        null,
        null,
        null
      ],
      "/Users/marcell/Documents/github/commander/lib/commander/methods.rb": [
        1,
        1,
        1,
        1,
        1,
        null,
        1,
        1,
        null,
        null,
        null
      ],
      "/Users/marcell/Documents/github/commander/lib/commander/configure.rb": [
        1,
        1,
        4,
        4,
        null,
        4,
        null,
        3,
        3,
        null,
        null,
        null,
        1,
        null
      ],
      "/Users/marcell/Documents/github/commander/lib/commander/help_formatters/terminal_compact.rb": [
        1,
        null,
        1,
        1,
        1,
        1,
        6,
        null,
        null,
        null,
        null
      ],
      "/Users/marcell/Documents/github/commander/lib/commander/help_formatters/terminal.rb": [
        1,
        null,
        1,
        1,
        1,
        1,
        4,
        null,
        null,
        1,
        8,
        null,
        null,
        1,
        6,
        null,
        null,
        null,
        null
      ],
      "/Users/marcell/Documents/github/commander/lib/commander/help_formatters/base.rb": [
        1,
        null,
        null,
        null,
        null,
        null,
        null,
        null,
        1,
        1,
        1,
        14,
        null,
        null,
        1,
        1,
        null,
        null,
        1,
        1,
        null,
        null,
        null,
        null
      ]
    },
    "timestamp": 1475583789
  }
}
