{
  "RSpec": {
    "coverage": {
      "/Users/marcell/Documents/github/magni/altering-commander/commander-altered/lib/commander.rb": [
        null,
        null,
        null,
        null,
        null,
        null,
        null,
        null,
        null,
        null,
        null,
        null,
        null,
        null,
        null,
        null,
        null,
        null,
        null,
        null,
        null,
        null,
        null,
        1,
        1,
        1,
        1,
        1,
        1,
        1,
        1,
        1,
        1,
        1,
        1
      ],
      "/Users/marcell/Documents/github/magni/altering-commander/commander-altered/lib/commander/version.rb": [
        1,
        1,
        null
      ],
      "/Users/marcell/Documents/github/magni/altering-commander/commander-altered/lib/commander/blank.rb": [
        1,
        1,
        1,
        64,
        null,
        null,
        null
      ],
      "/Users/marcell/Documents/github/magni/altering-commander/commander-altered/lib/commander/user_interaction.rb": [
        1,
        1,
        null,
        1,
        null,
        null,
        null,
        null,
        null,
        null,
        null,
        1,
        1,
        null,
        null,
        null,
        null,
        null,
        1,
        1,
        null,
        null,
        null,
        0,
        null,
        null,
        null,
        null,
        null,
        null,
        null,
        1,
        0,
        0,
        0,
        null,
        null,
        null,
        null,
        null,
        1,
        0,
        0,
        null,
        null,
        null,
        null,
        null,
        null,
        null,
        null,
        null,
        null,
        null,
        1,
        0,
        null,
        null,
        null,
        null,
        null,
        null,
        null,
        null,
        null,
        null,
        1,
        0,
        0,
        null,
        null,
        null,
        null,
        null,
        null,
        null,
        null,
        null,
        null,
        null,
        1,
        0,
        0,
        null,
        null,
        null,
        null,
        null,
        null,
        null,
        null,
        null,
        null,
        null,
        1,
        0,
        0,
        null,
        null,
        null,
        null,
        null,
        null,
        null,
        null,
        null,
        null,
        null,
        null,
        null,
        null,
        null,
        null,
        null,
        1,
        0,
        null,
        null,
        null,
        null,
        null,
        null,
        null,
        null,
        null,
        null,
        null,
        null,
        null,
        null,
        null,
        null,
        null,
        null,
        null,
        null,
        1,
        0,
        null,
        null,
        null,
        null,
        null,
        null,
        null,
        null,
        null,
        null,
        null,
        null,
        null,
        null,
        null,
        null,
        null,
        null,
        null,
        null,
        null,
        null,
        null,
        null,
        null,
        null,
        null,
        1,
        0,
        0,
        null,
        null,
        0,
        null,
        null,
        null,
        0,
        null,
        null,
        null,
        null,
        null,
        null,
        null,
        null,
        null,
        0,
        null,
        null,
        null,
        null,
        null,
        1,
        0,
        null,
        null,
        null,
        null,
        null,
        null,
        null,
        null,
        null,
        null,
        null,
        null,
        null,
        null,
        null,
        null,
        null,
        null,
        null,
        null,
        null,
        null,
        null,
        null,
        null,
        null,
        null,
        1,
        0,
        0,
        0,
        0,
        0,
        null,
        null,
        null,
        null,
        null,
        1,
        0,
        null,
        null,
        null,
        null,
        null,
        null,
        1,
        null,
        null,
        0,
        null,
        null,
        null,
        null,
        null,
        null,
        null,
        null,
        null,
        null,
        null,
        null,
        null,
        null,
        null,
        1,
        0,
        0,
        0,
        0,
        0,
        0,
        0,
        null,
        0,
        null,
        null,
        null,
        null,
        null,
        null,
        1,
        0,
        0,
        0,
        null,
        null,
        null,
        null,
        null,
        null,
        null,
        0,
        0,
        0,
        0,
        0,
        0,
        0,
        0,
        null,
        null,
        0,
        0,
        0,
        0,
        null,
        null,
        null,
        0,
        0,
        null,
        null,
        null,
        null,
        null,
        null,
        null,
        null,
        null,
        null,
        null,
        null,
        null,
        1,
        0,
        0,
        0,
        null,
        null,
        null,
        null,
        null,
        1,
        null,
        null,
        null,
        null,
        null,
        null,
        144,
        null,
        144,
        1,
        1,
        12,
        0,
        null,
        null,
        null,
        null,
        null,
        null,
        null,
        1,
        0,
        0,
        null,
        null,
        null,
        null,
        null,
        null,
        null,
        null,
        null,
        null,
        null,
        null,
        null,
        null,
        null,
        null,
        null,
        null,
        null,
        null,
        null,
        null,
        null,
        null,
        null,
        null,
        null,
        null,
        null,
        null,
        null,
        null,
        null,
        null,
        null,
        null,
        null,
        null,
        null,
        1,
        null,
        null,
        null,
        null,
        null,
        null,
        null,
        null,
        null,
        null,
        null,
        null,
        null,
        null,
        null,
        null,
        null,
        null,
        null,
        null,
        null,
        null,
        null,
        null,
        null,
        1,
        0,
        0,
        0,
        0,
        0,
        0,
        0,
        0,
        null,
        null,
        null,
        null,
        null,
        1,
        0,
        0,
        null,
        0,
        null,
        null,
        null,
        null,
        null,
        null,
        1,
        0,
        null,
        null,
        null,
        null,
        null,
        1,
        0,
        null,
        null,
        null,
        null,
        null,
        1,
        0,
        null,
        null,
        null,
        null,
        null,
        1,
        0,
        null,
        null,
        null,
        null,
        null,
        1,
        null,
        null,
        null,
        null,
        null,
        null,
        null,
        null,
        null,
        0,
        null,
        null,
        null,
        null,
        null,
        1,
        0,
        0,
        0,
        0,
        null,
        0,
        null,
        null,
        null,
        null,
        null,
        null,
        1,
        0,
        null,
        null,
        null,
        null,
        null,
        1,
        0,
        null,
        null,
        null,
        null,
        null,
        null,
        1,
        0,
        0,
        0,
        null,
        null,
        null,
        null,
        null,
        1,
        null,
        0,
        null,
        null,
        null,
        null
      ],
      "/Users/marcell/Documents/github/magni/altering-commander/commander-altered/lib/commander/core_ext.rb": [
        1,
        1
      ],
      "/Users/marcell/Documents/github/magni/altering-commander/commander-altered/lib/commander/core_ext/array.rb": [
        1,
        null,
        null,
        null,
        null,
        null,
        null,
        null,
        null,
        null,
        null,
        null,
        null,
        null,
        null,
        null,
        null,
        null,
        1,
        null,
        null,
        0,
        null,
        null
      ],
      "/Users/marcell/Documents/github/magni/altering-commander/commander-altered/lib/commander/core_ext/object.rb": [
        1,
        null,
        null,
        null,
        1,
        0,
        null,
        null
      ],
      "/Users/marcell/Documents/github/magni/altering-commander/commander-altered/lib/commander/runner.rb": [
        1,
        null,
        1,
        1,
        null,
        null,
        null,
        null,
        1,
        1,
        null,
        null,
        null,
        null,
        1,
        null,
        null,
        null,
        null,
        1,
        null,
        null,
        null,
        null,
        1,
        null,
        null,
        null,
        null,
        null,
        1,
        36,
        36,
        36,
        36,
        36,
        36,
        null,
        null,
        null,
        null,
        null,
        1,
        376,
        null,
        null,
        null,
        null,
        null,
        1,
        27,
        27,
        26,
        26,
        26,
        1,
        0,
        0,
        0,
        null,
        26,
        0,
        0,
        null,
        30,
        26,
        25,
        25,
        6,
        null,
        19,
        19,
        5,
        1,
        null,
        null,
        null,
        null,
        1,
        null,
        3,
        0,
        null,
        3,
        null,
        null,
        null,
        null,
        null,
        null,
        null,
        null,
        1,
        0,
        null,
        null,
        null,
        null,
        null,
        1,
        2,
        2,
        null,
        null,
        null,
        null,
        null,
        1,
        1,
        1,
        null,
        null,
        null,
        null,
        null,
        null,
        null,
        null,
        null,
        null,
        null,
        null,
        null,
        null,
        null,
        null,
        null,
        null,
        null,
        null,
        null,
        null,
        null,
        null,
        null,
        null,
        null,
        null,
        null,
        null,
        1,
        274,
        1,
        1,
        273,
        5,
        268,
        0,
        null,
        268,
        107,
        null,
        268,
        null,
        null,
        null,
        null,
        null,
        null,
        null,
        null,
        null,
        null,
        null,
        null,
        null,
        null,
        null,
        null,
        null,
        1,
        261,
        261,
        261,
        null,
        null,
        null,
        261,
        null,
        null,
        null,
        null,
        null,
        null,
        1,
        90,
        null,
        null,
        null,
        null,
        null,
        90,
        null,
        null,
        null,
        null,
        null,
        null,
        1,
        3,
        3,
        null,
        null,
        null,
        null,
        null,
        null,
        1,
        4,
        null,
        null,
        null,
        null,
        null,
        1,
        139,
        null,
        null,
        null,
        null,
        null,
        1,
        24,
        null,
        null,
        null,
        null,
        null,
        1,
        0,
        null,
        null,
        null,
        null,
        null,
        null,
        null,
        1,
        92,
        null,
        null,
        null,
        null,
        null,
        null,
        1,
        81,
        null,
        null,
        null,
        null,
        null,
        1,
        112,
        129,
        null,
        null,
        null,
        null,
        null,
        1,
        0,
        null,
        null,
        null,
        null,
        null,
        1,
        24,
        24,
        24,
        36,
        null,
        null,
        null,
        null,
        null,
        null,
        1,
        null,
        null,
        36,
        null,
        null,
        null,
        null,
        null,
        1,
        null,
        null,
        null,
        36,
        null,
        null,
        null,
        null,
        null,
        null,
        1,
        36,
        36,
        36,
        36,
        36,
        36,
        1,
        1,
        0,
        null,
        1,
        0,
        0,
        null,
        0,
        null,
        0,
        null,
        null,
        null,
        null,
        null,
        null,
        null,
        null,
        1,
        25,
        null,
        null,
        null,
        null,
        null,
        null,
        null,
        1,
        null,
        25,
        86,
        86,
        null,
        245,
        6,
        null,
        null,
        86,
        null,
        86,
        86,
        440,
        17,
        17,
        null,
        3,
        null,
        138,
        138,
        null,
        null,
        null,
        null,
        null,
        null,
        null,
        null,
        1,
        86,
        159,
        2,
        2,
        null,
        157,
        null,
        null,
        null,
        null,
        null,
        null,
        null,
        1,
        27,
        90,
        null,
        null,
        27,
        27,
        36,
        10,
        null,
        17,
        9,
        null,
        null,
        null,
        null,
        null,
        null,
        null,
        null,
        null,
        1,
        90,
        19,
        18,
        null,
        19,
        null,
        null,
        null,
        null,
        null,
        null,
        1,
        27,
        53,
        null,
        null,
        null,
        null,
        null,
        null,
        1,
        673,
        179,
        179,
        null,
        null,
        null,
        null,
        null,
        null,
        null,
        null,
        null,
        null,
        null,
        null,
        null,
        null,
        1,
        26,
        null,
        null,
        null,
        null,
        null,
        1,
        25,
        24,
        2,
        null,
        22,
        null,
        null,
        null,
        1,
        0,
        null,
        null,
        null
      ],
      "/Users/marcell/Documents/github/magni/altering-commander/commander-altered/lib/commander/command.rb": [
        1,
        null,
        1,
        1,
        1,
        1,
        null,
        null,
        null,
        null,
        1,
        1,
        null,
        1,
        20,
        null,
        null,
        1,
        0,
        null,
        null,
        1,
        22,
        null,
        null,
        1,
        0,
        null,
        null,
        1,
        0,
        null,
        null,
        null,
        null,
        null,
        null,
        1,
        261,
        261,
        null,
        null,
        null,
        null,
        null,
        null,
        null,
        null,
        null,
        null,
        null,
        null,
        null,
        null,
        null,
        1,
        228,
        null,
        null,
        null,
        null,
        null,
        null,
        null,
        null,
        null,
        null,
        null,
        null,
        null,
        null,
        null,
        null,
        null,
        null,
        null,
        null,
        null,
        null,
        null,
        null,
        null,
        null,
        null,
        null,
        null,
        null,
        null,
        null,
        null,
        null,
        null,
        null,
        null,
        null,
        null,
        null,
        null,
        null,
        null,
        null,
        null,
        null,
        null,
        null,
        null,
        1,
        88,
        88,
        null,
        null,
        null,
        null,
        null,
        88,
        null,
        null,
        null,
        null,
        null,
        null,
        null,
        null,
        null,
        null,
        null,
        null,
        null,
        null,
        null,
        null,
        null,
        null,
        null,
        null,
        null,
        null,
        null,
        1,
        133,
        133,
        null,
        1,
        null,
        null,
        null,
        null,
        null,
        null,
        null,
        null,
        1,
        21,
        null,
        null,
        null,
        null,
        null,
        null,
        null,
        null,
        1,
        21,
        10,
        10,
        10,
        null,
        null,
        null,
        null,
        null,
        null,
        1,
        20,
        20,
        20,
        20,
        20,
        0,
        0,
        null,
        null,
        null,
        null,
        null,
        null,
        null,
        1,
        20,
        null,
        16,
        16,
        16,
        null,
        null,
        null,
        null,
        null,
        null,
        null,
        null,
        1,
        82,
        null,
        null,
        1,
        12,
        null,
        null,
        null
      ],
      "/Users/marcell/Documents/github/magni/altering-commander/commander-altered/lib/commander/help_formatters.rb": [
        1,
        1,
        1,
        1,
        1,
        null,
        1,
        1,
        0,
        null,
        null,
        1,
        0,
        0,
        null,
        null,
        null,
        null,
        1,
        null,
        null,
        null,
        1,
        1,
        0,
        0,
        null,
        null,
        1,
        0,
        null,
        null,
        1,
        0,
        null,
        null,
        1,
        0,
        0,
        null,
        null,
        null,
        1,
        null,
        1,
        0,
        null,
        null,
        null
      ],
      "/Users/marcell/Documents/github/magni/altering-commander/commander-altered/lib/commander/platform.rb": [
        1,
        1,
        1,
        0,
        null,
        null,
        null
      ],
      "/Users/marcell/Documents/github/magni/altering-commander/commander-altered/lib/commander/delegates.rb": [
        1,
        1,
        null,
        null,
        null,
        null,
        null,
        null,
        null,
        null,
        null,
        null,
        1,
        9,
        null,
        null,
        null,
        null,
        null,
        null,
        1,
        0,
        null,
        null,
        null
      ],
      "/Users/marcell/Documents/github/magni/altering-commander/commander-altered/lib/commander/methods.rb": [
        1,
        1,
        1,
        1,
        1,
        null,
        1,
        1,
        null,
        null,
        null
      ],
      "/Users/marcell/Documents/github/magni/altering-commander/commander-altered/lib/commander/configure.rb": [
        1,
        1,
        0,
        0,
        null,
        0,
        null,
        0,
        0,
        null,
        null,
        null,
        1,
        null
      ],
      "/Users/marcell/Documents/github/magni/altering-commander/commander-altered/lib/commander/help_formatters/terminal_compact.rb": [
        1,
        null,
        1,
        1,
        1,
        1,
        0,
        null,
        null,
        null,
        null
      ],
      "/Users/marcell/Documents/github/magni/altering-commander/commander-altered/lib/commander/help_formatters/terminal.rb": [
        1,
        null,
        1,
        1,
        1,
        1,
        0,
        null,
        null,
        1,
        0,
        null,
        null,
        1,
        0,
        null,
        null,
        null,
        null
      ],
      "/Users/marcell/Documents/github/magni/altering-commander/commander-altered/lib/commander/help_formatters/base.rb": [
        1,
        null,
        null,
        null,
        null,
        null,
        null,
        null,
        1,
        1,
        1,
        0,
        null,
        null,
        1,
        0,
        null,
        null,
        1,
        0,
        null,
        null,
        null,
        null
      ]
    },
    "timestamp": 1475671576
  }
}
